<?xml version="1.0" encoding="utf-8"?><testsuites><testsuite name="pytest" errors="0" failures="0" skipped="0" tests="5" time="4.575" timestamp="2025-01-28T15:53:29.219722-08:00" hostname="DESKTOP-3ES9H3K"><testcase classname="azext_connectedk8s.tests.unittests.test_utils_.TestUtils" name="test_process_helm_error_detail" time="0.006" /><testcase classname="azext_connectedk8s.tests.unittests.test_utils_.TestUtils" name="test_process_helm_error_detail_no_changes" time="0.001" /><testcase classname="azext_connectedk8s.tests.unittests.test_utils_.TestUtils" name="test_remove_rsa_private_key" time="0.004" /><testcase classname="azext_connectedk8s.tests.unittests.test_utils_.TestUtils" name="test_scrub_proxy_url_with_url" time="0.002" /><testcase classname="azext_connectedk8s.tests.unittests.test_utils_.TestUtils" name="test_scrub_proxy_url_without_url" time="0.001" /></testsuite></testsuites>